<?xml version="1.0" encoding="UTF-8"?>
<!-- Generated by org.testng.reporters.JUnitXMLReporter -->
<testsuite ignored="3" hostname="DESKTOP-FAIQAUP" failures="0" tests="1" name="Default test" time="6264.726" errors="0" timestamp="2023-04-25T20:12:15 CDT">
  <testcase classname="ScrapeRecipes.scrapeTarlaDalal" name="search_for_recipes_diabetes" time="6259.395"/>
  <testcase classname="ScrapeRecipes.scrapeTarlaDalal" name="search_for_recipes_hypertension" time="0.0">
    <ignored/>
  </testcase> <!-- search_for_recipes_hypertension -->
  <testcase classname="ScrapeRecipes.scrapeTarlaDalal" name="search_for_recipes_pcos" time="0.0">
    <ignored/>
  </testcase> <!-- search_for_recipes_pcos -->
  <testcase classname="ScrapeRecipes.scrapeTarlaDalal" name="search_for_recipes_hypothyroidism" time="0.0">
    <ignored/>
  </testcase> <!-- search_for_recipes_hypothyroidism -->
</testsuite> <!-- Default test -->
