<?xml version="1.0" encoding="UTF-8"?>
<testng-results ignored="3" total="4" passed="1" failed="0" skipped="0">
  <reporter-output>
  </reporter-output>
  <suite started-at="2023-04-25T18:27:50 CDT" name="Default suite" finished-at="2023-04-25T20:12:15 CDT" duration-ms="6264726">
    <groups>
    </groups>
    <test started-at="2023-04-25T18:27:50 CDT" name="Default test" finished-at="2023-04-25T20:12:15 CDT" duration-ms="6264726">
      <class name="ScrapeRecipes.scrapeTarlaDalal">
        <test-method is-config="true" signature="lauch_website()[pri:0, instance:ScrapeRecipes.scrapeTarlaDalal@7c7b252e]" started-at="2023-04-25T18:27:50 CDT" name="lauch_website" finished-at="2023-04-25T18:27:55 CDT" duration-ms="5268" status="PASS">
          <reporter-output>
          </reporter-output>
        </test-method> <!-- lauch_website -->
        <test-method signature="search_for_recipes_diabetes()[pri:4, instance:ScrapeRecipes.scrapeTarlaDalal@7c7b252e]" started-at="2023-04-25T18:27:55 CDT" name="search_for_recipes_diabetes" finished-at="2023-04-25T20:12:14 CDT" duration-ms="6259395" status="PASS">
          <reporter-output>
          </reporter-output>
        </test-method> <!-- search_for_recipes_diabetes -->
      </class> <!-- ScrapeRecipes.scrapeTarlaDalal -->
    </test> <!-- Default test -->
  </suite> <!-- Default suite -->
</testng-results>
